{
"contracts/NftMarketplace.sol":{"l":{"78":15,"79":15,"80":1,"82":14,"90":20,"91":20,"92":20,"93":3,"95":17,"99":9,"100":9,"101":3,"103":6,"107":3,"108":1,"110":2,"134":13,"135":1,"142":12,"143":12,"144":1,"150":11,"158":4,"159":4,"160":1,"166":3,"167":3,"168":3,"173":3,"181":1,"182":1,"194":1,"195":1,"199":2,"200":2,"201":2,"202":2,"203":2,"204":0,"207":2,"219":4,"227":0,"231":2,"239":0,"240":0,"241":0},"path":"/home/useradd/hh-fcc/hardhat-nft-marketplace-fcc/contracts/NftMarketplace.sol","s":{"1":15,"2":15,"3":20,"4":20,"5":20,"6":9,"7":9,"8":3,"9":13,"10":12,"11":12,"12":4,"13":4,"14":3,"15":3,"16":1,"17":1,"18":2,"19":2,"20":2,"21":2,"22":2,"23":4,"24":0,"25":2,"26":0,"27":0,"28":0},"b":{"1":[1,14],"2":[3,17],"3":[3,6],"4":[1,2],"5":[14,1],"6":[13,1],"7":[1,12],"8":[1,11],"9":[4,1],"10":[1,3],"11":[2,1],"12":[1,1],"13":[2,1],"14":[1,1],"15":[2,1],"16":[2,0],"17":[0,2]},"f":{"1":15,"2":20,"3":9,"4":3,"5":13,"6":4,"7":1,"8":1,"9":2,"10":4,"11":0,"12":2,"13":0},"fnMap":{"1":{"name":"onlyUnlisted","line":73,"loc":{"start":{"line":73,"column":4},"end":{"line":83,"column":4}}},"2":{"name":"isOwner","line":85,"loc":{"start":{"line":85,"column":4},"end":{"line":96,"column":4}}},"3":{"name":"isListed","line":98,"loc":{"start":{"line":98,"column":4},"end":{"line":104,"column":4}}},"4":{"name":"holdFunds","line":106,"loc":{"start":{"line":106,"column":4},"end":{"line":111,"column":4}}},"5":{"name":"listItem","line":132,"loc":{"start":{"line":125,"column":4},"end":{"line":151,"column":4}}},"6":{"name":"buyItem","line":156,"loc":{"start":{"line":153,"column":4},"end":{"line":174,"column":4}}},"7":{"name":"cancelListing","line":179,"loc":{"start":{"line":176,"column":4},"end":{"line":183,"column":4}}},"8":{"name":"updatePrice","line":192,"loc":{"start":{"line":185,"column":4},"end":{"line":196,"column":4}}},"9":{"name":"withdraw","line":198,"loc":{"start":{"line":198,"column":4},"end":{"line":208,"column":4}}},"10":{"name":"getListing","line":214,"loc":{"start":{"line":214,"column":4},"end":{"line":220,"column":4}}},"11":{"name":"getItemPrice","line":222,"loc":{"start":{"line":222,"column":4},"end":{"line":228,"column":4}}},"12":{"name":"getProceeds","line":230,"loc":{"start":{"line":230,"column":4},"end":{"line":232,"column":4}}},"13":{"name":"getOwner","line":234,"loc":{"start":{"line":234,"column":4},"end":{"line":242,"column":4}}}},"statementMap":{"1":{"start":{"line":78,"column":8},"end":{"line":78,"column":66}},"2":{"start":{"line":79,"column":8},"end":{"line":79,"column":1983}},"3":{"start":{"line":90,"column":8},"end":{"line":90,"column":41}},"4":{"start":{"line":91,"column":8},"end":{"line":91,"column":44}},"5":{"start":{"line":92,"column":8},"end":{"line":92,"column":2313}},"6":{"start":{"line":99,"column":8},"end":{"line":99,"column":64}},"7":{"start":{"line":100,"column":8},"end":{"line":100,"column":2547}},"8":{"start":{"line":107,"column":8},"end":{"line":107,"column":2717}},"9":{"start":{"line":134,"column":8},"end":{"line":134,"column":3563}},"10":{"start":{"line":142,"column":8},"end":{"line":142,"column":41}},"11":{"start":{"line":143,"column":8},"end":{"line":143,"column":4022}},"12":{"start":{"line":158,"column":8},"end":{"line":158,"column":67}},"13":{"start":{"line":159,"column":8},"end":{"line":159,"column":4624}},"14":{"start":{"line":168,"column":8},"end":{"line":168,"column":4929}},"15":{"start":{"line":173,"column":8},"end":{"line":173,"column":74}},"16":{"start":{"line":182,"column":8},"end":{"line":182,"column":58}},"17":{"start":{"line":195,"column":8},"end":{"line":195,"column":68}},"18":{"start":{"line":199,"column":8},"end":{"line":199,"column":49}},"19":{"start":{"line":200,"column":8},"end":{"line":200,"column":5898}},"20":{"start":{"line":202,"column":12},"end":{"line":202,"column":67}},"21":{"start":{"line":203,"column":12},"end":{"line":203,"column":6064}},"22":{"start":{"line":207,"column":8},"end":{"line":207,"column":45}},"23":{"start":{"line":219,"column":8},"end":{"line":219,"column":46}},"24":{"start":{"line":227,"column":8},"end":{"line":227,"column":52}},"25":{"start":{"line":231,"column":8},"end":{"line":231,"column":37}},"26":{"start":{"line":239,"column":8},"end":{"line":239,"column":41}},"27":{"start":{"line":240,"column":8},"end":{"line":240,"column":44}},"28":{"start":{"line":241,"column":8},"end":{"line":241,"column":20}}},"branchMap":{"1":{"line":79,"type":"if","locations":[{"start":{"line":79,"column":8},"end":{"line":79,"column":8}},{"start":{"line":79,"column":8},"end":{"line":79,"column":8}}]},"2":{"line":92,"type":"if","locations":[{"start":{"line":92,"column":8},"end":{"line":92,"column":8}},{"start":{"line":92,"column":8},"end":{"line":92,"column":8}}]},"3":{"line":100,"type":"if","locations":[{"start":{"line":100,"column":8},"end":{"line":100,"column":8}},{"start":{"line":100,"column":8},"end":{"line":100,"column":8}}]},"4":{"line":107,"type":"if","locations":[{"start":{"line":107,"column":8},"end":{"line":107,"column":8}},{"start":{"line":107,"column":8},"end":{"line":107,"column":8}}]},"5":{"line":131,"type":"if","locations":[{"start":{"line":131,"column":8},"end":{"line":131,"column":8}},{"start":{"line":131,"column":8},"end":{"line":131,"column":8}}]},"6":{"line":132,"type":"if","locations":[{"start":{"line":132,"column":8},"end":{"line":132,"column":8}},{"start":{"line":132,"column":8},"end":{"line":132,"column":8}}]},"7":{"line":134,"type":"if","locations":[{"start":{"line":134,"column":8},"end":{"line":134,"column":8}},{"start":{"line":134,"column":8},"end":{"line":134,"column":8}}]},"8":{"line":143,"type":"if","locations":[{"start":{"line":143,"column":8},"end":{"line":143,"column":8}},{"start":{"line":143,"column":8},"end":{"line":143,"column":8}}]},"9":{"line":156,"type":"if","locations":[{"start":{"line":156,"column":8},"end":{"line":156,"column":8}},{"start":{"line":156,"column":8},"end":{"line":156,"column":8}}]},"10":{"line":159,"type":"if","locations":[{"start":{"line":159,"column":8},"end":{"line":159,"column":8}},{"start":{"line":159,"column":8},"end":{"line":159,"column":8}}]},"11":{"line":178,"type":"if","locations":[{"start":{"line":178,"column":8},"end":{"line":178,"column":8}},{"start":{"line":178,"column":8},"end":{"line":178,"column":8}}]},"12":{"line":179,"type":"if","locations":[{"start":{"line":179,"column":8},"end":{"line":179,"column":8}},{"start":{"line":179,"column":8},"end":{"line":179,"column":8}}]},"13":{"line":191,"type":"if","locations":[{"start":{"line":191,"column":8},"end":{"line":191,"column":8}},{"start":{"line":191,"column":8},"end":{"line":191,"column":8}}]},"14":{"line":192,"type":"if","locations":[{"start":{"line":192,"column":8},"end":{"line":192,"column":8}},{"start":{"line":192,"column":8},"end":{"line":192,"column":8}}]},"15":{"line":198,"type":"if","locations":[{"start":{"line":198,"column":33},"end":{"line":198,"column":33}},{"start":{"line":198,"column":33},"end":{"line":198,"column":33}}]},"16":{"line":200,"type":"if","locations":[{"start":{"line":200,"column":8},"end":{"line":200,"column":8}},{"start":{"line":200,"column":8},"end":{"line":200,"column":8}}]},"17":{"line":203,"type":"if","locations":[{"start":{"line":203,"column":12},"end":{"line":203,"column":12}},{"start":{"line":203,"column":12},"end":{"line":203,"column":12}}]}}},
"contracts/test/BasicNft.sol":{"l":{"14":3,"18":18,"19":18,"20":18,"29":0,"33":0,"37":0},"path":"/home/useradd/hh-fcc/hardhat-nft-marketplace-fcc/contracts/test/BasicNft.sol","s":{"1":18,"2":18,"3":0,"4":0,"5":0},"b":{"1":[0,0]},"f":{"1":3,"2":18,"3":0,"4":0},"fnMap":{"1":{"name":"constructor","line":13,"loc":{"start":{"line":13,"column":4},"end":{"line":15,"column":4}}},"2":{"name":"mintNft","line":17,"loc":{"start":{"line":17,"column":4},"end":{"line":21,"column":4}}},"3":{"name":"tokenURI","line":23,"loc":{"start":{"line":23,"column":4},"end":{"line":34,"column":4}}},"4":{"name":"getTokenCounter","line":36,"loc":{"start":{"line":36,"column":4},"end":{"line":38,"column":4}}}},"statementMap":{"1":{"start":{"line":18,"column":8},"end":{"line":18,"column":44}},"2":{"start":{"line":19,"column":8},"end":{"line":19,"column":38}},"3":{"start":{"line":29,"column":8},"end":{"line":29,"column":740}},"4":{"start":{"line":33,"column":8},"end":{"line":33,"column":24}},"5":{"start":{"line":37,"column":8},"end":{"line":37,"column":29}}},"branchMap":{"1":{"line":29,"type":"if","locations":[{"start":{"line":29,"column":8},"end":{"line":29,"column":8}},{"start":{"line":29,"column":8},"end":{"line":29,"column":8}}]}}}}
