TN:
SF:/home/useradd/hh-fcc/hardhat-nft-marketplace-fcc/contracts/NftMarketplace.sol
FN:73,onlyUnlisted
FN:85,isOwner
FN:98,isListed
FN:106,holdFunds
FN:132,listItem
FN:156,buyItem
FN:179,cancelListing
FN:192,updatePrice
FN:198,withdraw
FN:214,getListing
FN:222,getItemPrice
FN:230,getProceeds
FN:234,getOwner
FNF:13
FNH:11
FNDA:15,onlyUnlisted
FNDA:20,isOwner
FNDA:9,isListed
FNDA:3,holdFunds
FNDA:13,listItem
FNDA:4,buyItem
FNDA:1,cancelListing
FNDA:1,updatePrice
FNDA:2,withdraw
FNDA:4,getListing
FNDA:0,getItemPrice
FNDA:2,getProceeds
FNDA:0,getOwner
DA:78,15
DA:79,15
DA:80,1
DA:82,14
DA:90,20
DA:91,20
DA:92,20
DA:93,3
DA:95,17
DA:99,9
DA:100,9
DA:101,3
DA:103,6
DA:107,3
DA:108,1
DA:110,2
DA:134,13
DA:135,1
DA:142,12
DA:143,12
DA:144,1
DA:150,11
DA:158,4
DA:159,4
DA:160,1
DA:166,3
DA:167,3
DA:168,3
DA:173,3
DA:181,1
DA:182,1
DA:194,1
DA:195,1
DA:199,2
DA:200,2
DA:201,2
DA:202,2
DA:203,2
DA:204,0
DA:207,2
DA:219,4
DA:227,0
DA:231,2
DA:239,0
DA:240,0
DA:241,0
LF:46
LH:41
BRDA:79,1,0,1
BRDA:79,1,1,14
BRDA:92,2,0,3
BRDA:92,2,1,17
BRDA:100,3,0,3
BRDA:100,3,1,6
BRDA:107,4,0,1
BRDA:107,4,1,2
BRDA:131,5,0,14
BRDA:131,5,1,1
BRDA:132,6,0,13
BRDA:132,6,1,1
BRDA:134,7,0,1
BRDA:134,7,1,12
BRDA:143,8,0,1
BRDA:143,8,1,11
BRDA:156,9,0,4
BRDA:156,9,1,1
BRDA:159,10,0,1
BRDA:159,10,1,3
BRDA:178,11,0,2
BRDA:178,11,1,1
BRDA:179,12,0,1
BRDA:179,12,1,1
BRDA:191,13,0,2
BRDA:191,13,1,1
BRDA:192,14,0,1
BRDA:192,14,1,1
BRDA:198,15,0,2
BRDA:198,15,1,1
BRDA:200,16,0,2
BRDA:200,16,1,0
BRDA:203,17,0,0
BRDA:203,17,1,2
BRF:34
BRH:32
end_of_record
TN:
SF:/home/useradd/hh-fcc/hardhat-nft-marketplace-fcc/contracts/test/BasicNft.sol
FN:13,constructor
FN:17,mintNft
FN:23,tokenURI
FN:36,getTokenCounter
FNF:4
FNH:2
FNDA:3,constructor
FNDA:18,mintNft
FNDA:0,tokenURI
FNDA:0,getTokenCounter
DA:14,3
DA:18,18
DA:19,18
DA:20,18
DA:29,0
DA:33,0
DA:37,0
LF:7
LH:4
BRDA:29,1,0,0
BRDA:29,1,1,0
BRF:2
BRH:0
end_of_record
